TN:
SF:src/config/envs.ts
FNF:0
FNH:0
DA:1,1
DA:2,1
DA:3,1
DA:4,1
DA:5,1
DA:6,1
DA:7,1
DA:8,1
LF:8
LH:8
BRF:0
BRH:0
end_of_record
TN:
SF:src/data/postgres/index.ts
FNF:0
FNH:0
DA:1,1
DA:2,1
DA:3,1
LF:3
LH:3
BRF:0
BRH:0
end_of_record
TN:
SF:src/domain/index.ts
FNF:0
FNH:0
DA:1,1
DA:2,1
DA:3,1
DA:4,1
DA:5,1
DA:6,1
DA:7,1
DA:8,1
DA:9,1
DA:10,1
DA:11,1
DA:12,1
LF:12
LH:12
BRF:0
BRH:0
end_of_record
TN:
SF:src/domain/datasources/todo.datasource.ts
FNF:0
FNH:0
DA:1,1
DA:2,1
DA:3,1
DA:4,1
DA:5,1
DA:6,1
DA:7,1
DA:8,1
DA:9,1
DA:10,1
DA:11,1
DA:12,1
DA:13,1
DA:14,1
DA:15,1
DA:16,1
DA:17,1
LF:17
LH:17
BRF:0
BRH:0
end_of_record
TN:
SF:src/domain/dtos/index.ts
FNF:0
FNH:0
DA:1,1
DA:2,1
LF:2
LH:2
BRF:0
BRH:0
end_of_record
TN:
SF:src/domain/dtos/todos/create-todo.dto.ts
FN:6,CreateTodoDto
FN:11,create
FNF:2
FNH:2
FNDA:1,CreateTodoDto
FNDA:3,create
DA:1,1
DA:2,1
DA:3,1
DA:4,1
DA:5,1
DA:6,1
DA:7,1
DA:8,1
DA:9,1
DA:10,1
DA:11,1
DA:12,3
DA:13,3
DA:14,3
DA:15,3
DA:16,3
DA:17,1
DA:18,1
DA:19,1
DA:20,1
LF:20
LH:20
BRDA:6,0,0,1
BRDA:11,1,0,3
BRDA:16,2,0,1
BRDA:16,3,0,2
BRDA:17,4,0,1
BRF:5
BRH:5
end_of_record
TN:
SF:src/domain/dtos/todos/update-todo.dto.ts
FN:5,UpdateTodoDto
FN:11,get values
FN:19,create
FNF:3
FNH:3
FNDA:4,UpdateTodoDto
FNDA:3,get values
FNDA:4,create
DA:1,1
DA:2,1
DA:3,1
DA:4,1
DA:5,1
DA:6,4
DA:7,4
DA:8,4
DA:9,4
DA:10,1
DA:11,1
DA:12,3
DA:13,3
DA:14,3
DA:15,3
DA:16,3
DA:17,3
DA:18,1
DA:19,1
DA:20,4
DA:21,4
DA:22,4
DA:23,4
DA:24,4
DA:25,4
DA:26,4
DA:27,2
DA:28,2
DA:29,0
DA:30,0
DA:31,2
DA:32,4
DA:33,4
DA:34,4
DA:35,4
DA:36,4
DA:37,1
DA:38,1
LF:38
LH:36
BRDA:5,0,0,4
BRDA:11,1,0,3
BRDA:14,2,0,2
BRDA:15,3,0,2
BRDA:19,4,0,4
BRDA:24,5,0,0
BRDA:26,6,0,2
BRDA:28,7,0,0
BRF:8
BRH:6
end_of_record
TN:
SF:src/domain/entities/todo.entity.ts
FN:6,TodoEntity
FN:12,get isCompleted
FN:16,fromObject
FNF:3
FNH:2
FNDA:12,TodoEntity
FNDA:0,get isCompleted
FNDA:12,fromObject
DA:1,1
DA:2,1
DA:3,1
DA:4,1
DA:5,1
DA:6,1
DA:7,12
DA:8,12
DA:9,12
DA:10,12
DA:11,1
DA:12,1
DA:13,0
DA:14,0
DA:15,1
DA:16,1
DA:17,12
DA:18,12
DA:19,12
DA:20,12
DA:21,12
DA:22,12
DA:23,12
DA:24,2
DA:25,2
DA:26,0
DA:27,0
DA:28,2
DA:29,12
DA:30,12
DA:31,12
DA:32,1
DA:33,1
DA:34,1
DA:35,1
LF:35
LH:31
BRDA:6,0,0,12
BRDA:16,1,0,12
BRDA:19,2,0,0
BRDA:20,3,0,0
BRDA:23,4,0,2
BRDA:25,5,0,0
BRF:6
BRH:3
end_of_record
TN:
SF:src/domain/errors/handle-http-error.ts
FN:6,handleHttpError
FNF:1
FNH:1
FNDA:4,handleHttpError
DA:1,1
DA:2,1
DA:3,1
DA:4,1
DA:5,1
DA:6,4
DA:7,4
DA:8,4
DA:9,4
DA:10,0
DA:11,0
DA:12,0
LF:12
LH:9
BRDA:6,0,0,4
BRDA:10,1,0,0
BRF:2
BRH:1
end_of_record
TN:
SF:src/domain/errors/http-error.ts
FN:3,HttpError
FNF:1
FNH:1
FNDA:4,HttpError
DA:1,1
DA:2,1
DA:3,1
DA:4,4
DA:5,4
DA:6,4
DA:7,4
DA:8,4
DA:9,1
LF:9
LH:9
BRDA:3,0,0,4
BRF:1
BRH:1
end_of_record
TN:
SF:src/domain/errors/http-status-codes.ts
FNF:0
FNH:0
DA:1,1
DA:2,1
DA:3,1
DA:4,1
DA:5,1
DA:6,1
DA:7,1
DA:8,1
DA:9,1
DA:10,1
DA:11,1
DA:12,1
DA:13,1
DA:14,1
LF:14
LH:14
BRF:0
BRH:0
end_of_record
TN:
SF:src/domain/errors/index.ts
FNF:0
FNH:0
DA:1,1
DA:2,1
DA:3,1
LF:3
LH:3
BRF:0
BRH:0
end_of_record
TN:
SF:src/domain/repositories/todo.repository.ts
FNF:0
FNH:0
DA:1,1
DA:2,1
DA:3,1
DA:4,1
DA:5,1
DA:6,1
DA:7,1
DA:8,1
DA:9,1
DA:10,1
DA:11,1
DA:12,1
DA:13,1
DA:14,1
DA:15,1
DA:16,1
DA:17,1
DA:18,1
DA:19,1
LF:19
LH:19
BRF:0
BRH:0
end_of_record
TN:
SF:src/domain/use-cases/todo/create-todo.ts
FN:12,CreateTodo
FN:16,execute
FNF:2
FNH:2
FNDA:1,CreateTodo
FNDA:1,execute
DA:1,1
DA:2,1
DA:3,1
DA:4,1
DA:5,1
DA:6,1
DA:7,1
DA:8,1
DA:9,1
DA:10,1
DA:11,1
DA:12,1
DA:13,1
DA:14,1
DA:15,1
DA:16,1
DA:17,1
DA:18,1
DA:19,1
DA:20,1
LF:20
LH:20
BRDA:12,0,0,1
BRDA:16,1,0,1
BRF:2
BRH:2
end_of_record
TN:
SF:src/domain/use-cases/todo/delete-todo.ts
FN:11,DeleteTodo
FN:15,execute
FNF:2
FNH:2
FNDA:2,DeleteTodo
FNDA:2,execute
DA:1,1
DA:2,1
DA:3,1
DA:4,1
DA:5,1
DA:6,1
DA:7,1
DA:8,1
DA:9,1
DA:10,1
DA:11,1
DA:12,2
DA:13,2
DA:14,1
DA:15,1
DA:16,2
DA:17,2
DA:18,2
DA:19,1
DA:20,1
LF:20
LH:20
BRDA:11,0,0,2
BRDA:15,1,0,2
BRF:2
BRH:2
end_of_record
TN:
SF:src/domain/use-cases/todo/get-todo.ts
FN:12,GetTodo
FN:16,execute
FNF:2
FNH:2
FNDA:3,GetTodo
FNDA:3,execute
DA:1,1
DA:2,1
DA:3,1
DA:4,1
DA:5,1
DA:6,1
DA:7,1
DA:8,1
DA:9,1
DA:10,1
DA:11,1
DA:12,1
DA:13,3
DA:14,3
DA:15,1
DA:16,1
DA:17,3
DA:18,3
DA:19,1
DA:20,1
LF:20
LH:20
BRDA:12,0,0,3
BRDA:16,1,0,3
BRF:2
BRH:2
end_of_record
TN:
SF:src/domain/use-cases/todo/get-todos.ts
FN:12,GetTodos
FN:15,execute
FNF:2
FNH:2
FNDA:1,GetTodos
FNDA:1,execute
DA:1,1
DA:2,1
DA:3,1
DA:4,1
DA:5,1
DA:6,1
DA:7,1
DA:8,1
DA:9,1
DA:10,1
DA:11,1
DA:12,1
DA:13,1
DA:14,1
DA:15,1
DA:16,1
DA:17,1
DA:18,1
DA:19,1
LF:19
LH:19
BRDA:12,0,0,1
BRDA:15,1,0,1
BRF:2
BRH:2
end_of_record
TN:
SF:src/domain/use-cases/todo/update-todo.ts
FN:12,UpdateTodo
FN:16,execute
FNF:2
FNH:2
FNDA:4,UpdateTodo
FNDA:4,execute
DA:1,1
DA:2,1
DA:3,1
DA:4,1
DA:5,1
DA:6,1
DA:7,1
DA:8,1
DA:9,1
DA:10,1
DA:11,1
DA:12,1
DA:13,4
DA:14,4
DA:15,1
DA:16,1
DA:17,4
DA:18,4
DA:19,1
DA:20,1
LF:20
LH:20
BRDA:12,0,0,4
BRDA:16,1,0,4
BRF:2
BRH:2
end_of_record
TN:
SF:src/infraestructure/datasource/todo.datasource.impl.ts
FN:13,create
FN:20,getAll
FN:25,findById
FN:38,updateById
FN:46,deleteById
FNF:5
FNH:5
FNDA:1,create
FNDA:1,getAll
FNDA:9,findById
FNDA:4,updateById
FNDA:2,deleteById
DA:1,1
DA:2,1
DA:3,1
DA:4,1
DA:5,1
DA:6,1
DA:7,1
DA:8,1
DA:9,1
DA:10,1
DA:11,1
DA:12,1
DA:13,1
DA:14,1
DA:15,1
DA:16,1
DA:17,1
DA:18,1
DA:19,1
DA:20,1
DA:21,1
DA:22,1
DA:23,1
DA:24,1
DA:25,1
DA:26,9
DA:27,9
DA:28,9
DA:29,9
DA:30,9
DA:31,9
DA:32,9
DA:33,9
DA:34,9
DA:35,9
DA:36,5
DA:37,5
DA:38,1
DA:39,4
DA:40,3
DA:41,3
DA:42,3
DA:43,3
DA:44,3
DA:45,3
DA:46,1
DA:47,2
DA:48,1
DA:49,1
DA:50,1
DA:51,1
DA:52,1
LF:52
LH:52
BRDA:13,0,0,1
BRDA:17,1,0,0
BRDA:20,2,0,1
BRDA:22,3,0,0
BRDA:23,4,0,2
BRDA:25,5,0,9
BRDA:27,6,0,0
BRDA:35,7,0,4
BRDA:36,8,0,5
BRDA:38,9,0,4
BRDA:40,10,0,3
BRDA:46,11,0,2
BRDA:48,12,0,1
BRF:13
BRH:10
end_of_record
TN:
SF:src/infraestructure/repositories/todo.repository.impl.ts
FN:5,TodoRepositoryImpl
FN:9,create
FN:13,getAll
FN:17,findById
FN:21,updateById
FN:25,deleteById
FNF:6
FNH:6
FNDA:1,TodoRepositoryImpl
FNDA:1,create
FNDA:1,getAll
FNDA:3,findById
FNDA:4,updateById
FNDA:2,deleteById
DA:1,1
DA:2,1
DA:3,1
DA:4,1
DA:5,1
DA:6,1
DA:7,1
DA:8,1
DA:9,1
DA:10,1
DA:11,1
DA:12,1
DA:13,1
DA:14,1
DA:15,1
DA:16,1
DA:17,1
DA:18,3
DA:19,3
DA:20,1
DA:21,1
DA:22,4
DA:23,4
DA:24,1
DA:25,1
DA:26,2
DA:27,2
DA:28,1
DA:29,1
LF:29
LH:29
BRDA:5,0,0,1
BRDA:9,1,0,1
BRDA:13,2,0,1
BRDA:17,3,0,3
BRDA:21,4,0,4
BRDA:25,5,0,2
BRF:6
BRH:6
end_of_record
TN:
SF:src/presentation/app.routes.ts
FN:5,get routes
FNF:1
FNH:1
FNDA:1,get routes
DA:1,1
DA:2,1
DA:3,1
DA:4,1
DA:5,1
DA:6,1
DA:7,1
DA:8,1
DA:9,1
DA:10,1
DA:11,1
DA:12,1
DA:13,1
DA:14,1
DA:15,1
DA:16,1
DA:17,1
DA:18,1
DA:19,1
DA:20,1
DA:21,1
DA:22,1
DA:23,1
DA:24,1
DA:25,1
LF:25
LH:25
BRDA:5,0,0,1
BRF:1
BRH:1
end_of_record
TN:
SF:src/presentation/server.ts
FN:17,Server
FN:24,start
FN:77,close
FNF:3
FNH:3
FNDA:1,Server
FNDA:1,start
FNDA:1,close
DA:1,1
DA:2,1
DA:3,1
DA:4,1
DA:5,1
DA:6,1
DA:7,1
DA:8,1
DA:9,1
DA:10,1
DA:11,1
DA:12,1
DA:13,1
DA:14,1
DA:15,1
DA:16,1
DA:17,1
DA:18,1
DA:19,1
DA:20,1
DA:21,1
DA:22,1
DA:23,1
DA:24,1
DA:25,1
DA:26,1
DA:27,1
DA:28,1
DA:29,1
DA:30,1
DA:31,1
DA:32,1
DA:33,1
DA:34,1
DA:35,1
DA:36,1
DA:37,1
DA:38,1
DA:39,1
DA:40,1
DA:41,1
DA:42,1
DA:43,1
DA:44,1
DA:45,1
DA:46,1
DA:47,1
DA:48,1
DA:49,1
DA:50,1
DA:51,1
DA:52,1
DA:53,1
DA:54,0
DA:55,0
DA:56,0
DA:57,0
DA:58,0
DA:59,0
DA:60,0
DA:61,0
DA:62,0
DA:63,0
DA:64,0
DA:65,0
DA:66,0
DA:67,0
DA:68,1
DA:69,1
DA:70,1
DA:71,1
DA:72,1
DA:73,1
DA:74,1
DA:75,1
DA:76,1
DA:77,1
DA:78,1
DA:79,1
DA:80,1
LF:80
LH:66
BRDA:17,0,0,1
BRDA:24,1,0,1
BRDA:71,2,0,1
BRDA:77,3,0,1
BRDA:78,4,0,0
BRF:5
BRH:4
end_of_record
TN:
SF:src/presentation/todos/todos-controller.ts
FN:13,TodosController
FN:21,TodosController.getTodos
FN:29,TodosController.getTodoById
FN:41,TodosController.createTodo
FN:58,TodosController.updateTodo
FN:70,TodosController.deleteTodo
FNF:6
FNH:6
FNDA:1,TodosController
FNDA:1,TodosController.getTodos
FNDA:3,TodosController.getTodoById
FNDA:3,TodosController.createTodo
FNDA:4,TodosController.updateTodo
FNDA:2,TodosController.deleteTodo
DA:1,1
DA:2,1
DA:3,1
DA:4,1
DA:5,1
DA:6,1
DA:7,1
DA:8,1
DA:9,1
DA:10,1
DA:11,1
DA:12,1
DA:13,1
DA:14,1
DA:15,1
DA:16,1
DA:17,1
DA:18,1
DA:19,1
DA:20,1
DA:21,1
DA:22,1
DA:23,1
DA:24,1
DA:25,1
DA:26,1
DA:27,1
DA:28,1
DA:29,1
DA:30,3
DA:31,3
DA:32,3
DA:33,3
DA:34,3
DA:35,3
DA:36,3
DA:37,3
DA:38,3
DA:39,1
DA:40,1
DA:41,1
DA:42,3
DA:43,3
DA:44,3
DA:45,1
DA:46,1
DA:47,1
DA:48,1
DA:49,1
DA:50,1
DA:51,1
DA:52,1
DA:53,1
DA:54,1
DA:55,1
DA:56,1
DA:57,1
DA:58,1
DA:59,4
DA:60,4
DA:61,4
DA:62,4
DA:63,4
DA:64,4
DA:65,4
DA:66,4
DA:67,4
DA:68,1
DA:69,1
DA:70,1
DA:71,2
DA:72,2
DA:73,2
DA:74,2
DA:75,2
DA:76,2
DA:77,2
DA:78,1
LF:78
LH:78
BRDA:13,0,0,1
BRDA:21,1,0,1
BRDA:25,2,0,1
BRDA:29,3,0,3
BRDA:36,4,0,1
BRDA:37,5,0,2
BRDA:41,6,0,3
BRDA:44,7,0,2
BRDA:45,8,0,1
BRDA:52,9,0,1
BRDA:58,10,0,4
BRDA:61,11,0,0
BRDA:65,12,0,3
BRDA:66,13,0,1
BRDA:70,14,0,2
BRDA:75,15,0,1
BRDA:76,16,0,1
BRF:17
BRH:16
end_of_record
TN:
SF:src/presentation/todos/todos.routes.ts
FN:7,get routes
FNF:1
FNH:1
FNDA:1,get routes
DA:1,1
DA:2,1
DA:3,1
DA:4,1
DA:5,1
DA:6,1
DA:7,1
DA:8,1
DA:9,1
DA:10,1
DA:11,1
DA:12,1
DA:13,1
DA:14,1
DA:15,1
DA:16,1
DA:17,1
DA:18,1
DA:19,1
DA:20,1
DA:21,1
DA:22,1
DA:23,1
DA:24,1
DA:25,1
DA:26,1
DA:27,1
DA:28,1
DA:29,1
DA:30,1
DA:31,1
DA:32,1
DA:33,1
DA:34,1
DA:35,1
DA:36,1
DA:37,1
DA:38,1
DA:39,1
DA:40,1
DA:41,1
DA:42,1
LF:42
LH:42
BRDA:7,0,0,1
BRF:1
BRH:1
end_of_record
TN:
SF:tests/test-server.ts
FNF:0
FNH:0
DA:1,1
DA:2,1
DA:3,1
DA:4,1
DA:5,1
DA:6,1
DA:7,1
DA:8,1
DA:9,1
LF:9
LH:9
BRF:0
BRH:0
end_of_record
